PCAD Importer Log
Project : LM2937IMP-12.LibPkg

Section : C:\Users\рома\Desktop\Новая папка (3)\Altium1\FIRST\LM2937IMP-12.lia
    Section : PCB Library - LM2937IMP-12.PcbLib
        Section : Load Messages
            Warning - 1 : Skipping Token isVisible On Line 123
            Warning - 1 : Skipping Token isVisible On Line 132
            Warning - 1 : Skipping Token LM2937IMP-12 On Line 136
            Warning - 1 : Skipping Token attachedSymbol On Line 202
        EndSection

        Section : Import Messages
        EndSection
    EndSection

    Section : SCH Library - LM2937IMP-12.SchLib
        Section : Parsing Messages
            Warning - 1 : Skipping Token padStyleDef On Line 9
            Warning - 1 : Skipping Token padStyleDef On Line 21
            Warning - 1 : Skipping Token multiLayer On Line 96
            Warning - 1 : Skipping Token layerContents On Line 102
            Warning - 1 : Skipping Token layerContents On Line 127
        EndSection

        Section : Generating SCH Library - LM2937IMP-12.SchLib
        EndSection
    EndSection
EndSection
