Removed Pin From Net: NetName=VCC Pin=Q1-2
Removed Pin From Net: NetName=NetP1_1 Pin=Q1-3
Removed Pin From Net: NetName=NetP1_1 Pin=S3-1
Removed Pin From Net: NetName=GND Pin=S3-3
Removed Member From Class: ClassName=Sheet1 Member=Q1
Removed Member From Class: ClassName=Sheet1 Member=S3
Change Component Comment : Designator=D1 Old Comment=smd3528 New Comment= smd3528
Added Component: Designator=U6(SOT230P700X180-4N)
Add component. Clean all parameters for all variants
Add component (AddParameter): Name = "Availability"; Value = "Unavailable"; VariantName = "[No Variations]"
Add component (AddParameter): Name = "MF"; Value = "Fairchild Semiconductor"; VariantName = "[No Variations]"
Add component (AddParameter): Name = "MP"; Value = "LM2937IMP-12"; VariantName = "[No Variations]"
Add component (AddParameter): Name = "Package"; Value = "SOT-223 Fairchild Semiconductor"; VariantName = "[No Variations]"
Add component (AddParameter): Name = "Price"; Value = "None"; VariantName = "[No Variations]"
Add component (AddParameter): Name = "Value"; Value = ""; VariantName = "[No Variations]"
Added Pin To Net: NetName=GND Pin=P1-4
Added Pin To Net: NetName=NetP1_1 Pin=U6-1
Added Pin To Net: NetName=GND Pin=U6-2
Added Pin To Net: NetName=VCC Pin=U6-3
Added Pin To Net: NetName=GND Pin=U6-4
Added Member To Class: ClassName=Sheet1 Member=Component U6 LM2937IMP-12
